<?xml version="1.0" encoding="UTF-8"?>
<!-- Generated by org.testng.reporters.JUnitXMLReporter -->
<testsuite ignored="2" hostname="LTIN487369" failures="0" tests="17" name="ChromeTest" time="134.72" errors="0" timestamp="2024-04-08T16:42:07 IST">
  <testcase classname="testCases.TC_001_WhereToGo" name="click_where2Go" time="1.699"/>
  <testcase classname="testCases.TC_001_WhereToGo" name="the_user_navigated_to_where2Go_page" time="0.014"/>
  <testcase classname="testCases.TC_001_WhereToGo" name="click_trekkingHotspots" time="14.475"/>
  <testcase classname="testCases.TC_001_WhereToGo" name="the_user_navigated_to_trekDestination" time="0.008"/>
  <testcase classname="testCases.TC_001_WhereToGo" name="selectCity" time="2.231"/>
  <testcase classname="testCases.TC_001_WhereToGo" name="set_Travel_Duration" time="2.988"/>
  <testcase classname="testCases.TC_001_WhereToGo" name="setCity" time="2.277"/>
  <testcase classname="testCases.TC_001_WhereToGo" name="printPlacePrice" time="4.546"/>
  <testcase classname="testCases.TC_001_WhereToGo" name="navigateToHomePage" time="0.033"/>
  <testcase classname="testCases.TC_002__HolidayPackage" name="navigate_to_HolidayPage" time="0.151"/>
  <testcase classname="testCases.TC_002__HolidayPackage" name="click_opt_Explore_Europe" time="1.038"/>
  <testcase classname="testCases.TC_002__HolidayPackage" name="click_opt_Italy" time="0.122"/>
  <testcase classname="testCases.TC_002__HolidayPackage" name="verifyPage" time="2.542"/>
  <testcase classname="testCases.TC_002__HolidayPackage" name="close_Popup_If_Display" time="10.086"/>
  <testcase classname="testCases.TC_002__HolidayPackage" name="click_opt_AllPackages" time="0.086"/>
  <testcase classname="testCases.TC_002__HolidayPackage" name="select_all_Packages" time="55.866"/>
  <testcase classname="testCases.TC_002__HolidayPackage" name="navigate_to_home_Page" time="0.079"/>
  <testcase classname="baseFactory.BaseClass" name="@AfterTest tearDown" time="0.0">
    <ignored/>
  </testcase> <!-- @AfterTest tearDown -->
  <testcase classname="baseFactory.BaseClass" name="@BeforeTest driverSetup" time="0.0">
    <ignored/>
  </testcase> <!-- @BeforeTest driverSetup -->
</testsuite> <!-- ChromeTest -->
